mkdir: cannot create directory ‘/slurm_jobs’: Permission denied
MCTS error in game: Breakthru
java.lang.NullPointerException: Cannot invoke "metadata.ai.heuristics.Heuristics.computeValue(other.context.Context, int, float)" because "heuristics" is null
	at utils.AIUtils.heuristicValueBonusEstimates(AIUtils.java:160)
	at search.mcts.backpropagation.QualitativeBonus.computeUtilities(QualitativeBonus.java:40)
	at search.mcts.backpropagation.BackpropagationStrategy.update(BackpropagationStrategy.java:97)
	at search.mcts.MCTS.lambda$selectAction$0(MCTS.java:684)
	at java.base/java.util.concurrent.Executors$RunnableAdapter.call(Executors.java:539)
	at java.base/java.util.concurrent.FutureTask.run(FutureTask.java:264)
	at java.base/java.util.concurrent.ThreadPoolExecutor.runWorker(ThreadPoolExecutor.java:1136)
	at java.base/java.util.concurrent.ThreadPoolExecutor$Worker.run(ThreadPoolExecutor.java:635)
	at java.base/java.lang.Thread.run(Thread.java:833)
MCTS error in game: Breakthru
java.lang.NullPointerException: Cannot invoke "metadata.ai.heuristics.Heuristics.computeValue(other.context.Context, int, float)" because "heuristics" is null
	at utils.AIUtils.heuristicValueBonusEstimates(AIUtils.java:160)
	at search.mcts.backpropagation.QualitativeBonus.computeUtilities(QualitativeBonus.java:40)
	at search.mcts.backpropagation.BackpropagationStrategy.update(BackpropagationStrategy.java:97)
	at search.mcts.MCTS.lambda$selectAction$0(MCTS.java:684)
	at java.base/java.util.concurrent.Executors$RunnableAdapter.call(Executors.java:539)
	at java.base/java.util.concurrent.FutureTask.run(FutureTask.java:264)
	at java.base/java.util.concurrent.ThreadPoolExecutor.runWorker(ThreadPoolExecutor.java:1136)
	at java.base/java.util.concurrent.ThreadPoolExecutor$Worker.run(ThreadPoolExecutor.java:635)
	at java.base/java.lang.Thread.run(Thread.java:833)
MCTS error in game: Breakthru
java.lang.NullPointerException: Cannot invoke "metadata.ai.heuristics.Heuristics.computeValue(other.context.Context, int, float)" because "heuristics" is null
	at utils.AIUtils.heuristicValueBonusEstimates(AIUtils.java:160)
	at search.mcts.backpropagation.QualitativeBonus.computeUtilities(QualitativeBonus.java:40)
	at search.mcts.backpropagation.BackpropagationStrategy.update(BackpropagationStrategy.java:97)
	at search.mcts.MCTS.lambda$selectAction$0(MCTS.java:684)
	at java.base/java.util.concurrent.Executors$RunnableAdapter.call(Executors.java:539)
	at java.base/java.util.concurrent.FutureTask.run(FutureTask.java:264)
	at java.base/java.util.concurrent.ThreadPoolExecutor.runWorker(ThreadPoolExecutor.java:1136)
	at java.base/java.util.concurrent.ThreadPoolExecutor$Worker.run(ThreadPoolExecutor.java:635)
	at java.base/java.lang.Thread.run(Thread.java:833)
MCTS error in game: Breakthru
java.lang.NullPointerException: Cannot invoke "metadata.ai.heuristics.Heuristics.computeValue(other.context.Context, int, float)" because "heuristics" is null
	at utils.AIUtils.heuristicValueBonusEstimates(AIUtils.java:160)
	at search.mcts.backpropagation.QualitativeBonus.computeUtilities(QualitativeBonus.java:40)
	at search.mcts.backpropagation.BackpropagationStrategy.update(BackpropagationStrategy.java:97)
	at search.mcts.MCTS.lambda$selectAction$0(MCTS.java:684)
	at java.base/java.util.concurrent.Executors$RunnableAdapter.call(Executors.java:539)
	at java.base/java.util.concurrent.FutureTask.run(FutureTask.java:264)
	at java.base/java.util.concurrent.ThreadPoolExecutor.runWorker(ThreadPoolExecutor.java:1136)
	at java.base/java.util.concurrent.ThreadPoolExecutor$Worker.run(ThreadPoolExecutor.java:635)
	at java.base/java.lang.Thread.run(Thread.java:833)
MCTS error in game: Breakthru
java.lang.NullPointerException: Cannot invoke "metadata.ai.heuristics.Heuristics.computeValue(other.context.Context, int, float)" because "heuristics" is null
	at utils.AIUtils.heuristicValueBonusEstimates(AIUtils.java:160)
	at search.mcts.backpropagation.QualitativeBonus.computeUtilities(QualitativeBonus.java:40)
	at search.mcts.backpropagation.BackpropagationStrategy.update(BackpropagationStrategy.java:97)
	at search.mcts.MCTS.lambda$selectAction$0(MCTS.java:684)
	at java.base/java.util.concurrent.Executors$RunnableAdapter.call(Executors.java:539)
	at java.base/java.util.concurrent.FutureTask.run(FutureTask.java:264)
	at java.base/java.util.concurrent.ThreadPoolExecutor.runWorker(ThreadPoolExecutor.java:1136)
	at java.base/java.util.concurrent.ThreadPoolExecutor$Worker.run(ThreadPoolExecutor.java:635)
	at java.base/java.lang.Thread.run(Thread.java:833)
MCTS error in game: Breakthru
java.lang.NullPointerException: Cannot invoke "metadata.ai.heuristics.Heuristics.computeValue(other.context.Context, int, float)" because "heuristics" is null
	at utils.AIUtils.heuristicValueBonusEstimates(AIUtils.java:160)
	at search.mcts.backpropagation.QualitativeBonus.computeUtilities(QualitativeBonus.java:40)
	at search.mcts.backpropagation.BackpropagationStrategy.update(BackpropagationStrategy.java:97)
	at search.mcts.MCTS.lambda$selectAction$0(MCTS.java:684)
	at java.base/java.util.concurrent.Executors$RunnableAdapter.call(Executors.java:539)
	at java.base/java.util.concurrent.FutureTask.run(FutureTask.java:264)
	at java.base/java.util.concurrent.ThreadPoolExecutor.runWorker(ThreadPoolExecutor.java:1136)
	at java.base/java.util.concurrent.ThreadPoolExecutor$Worker.run(ThreadPoolExecutor.java:635)
	at java.base/java.lang.Thread.run(Thread.java:833)
MCTS error in game: Breakthru
java.lang.NullPointerException: Cannot invoke "metadata.ai.heuristics.Heuristics.computeValue(other.context.Context, int, float)" because "heuristics" is null
	at utils.AIUtils.heuristicValueBonusEstimates(AIUtils.java:160)
	at search.mcts.backpropagation.QualitativeBonus.computeUtilities(QualitativeBonus.java:40)
	at search.mcts.backpropagation.BackpropagationStrategy.update(BackpropagationStrategy.java:97)
	at search.mcts.MCTS.lambda$selectAction$0(MCTS.java:684)
	at java.base/java.util.concurrent.Executors$RunnableAdapter.call(Executors.java:539)
	at java.base/java.util.concurrent.FutureTask.run(FutureTask.java:264)
	at java.base/java.util.concurrent.ThreadPoolExecutor.runWorker(ThreadPoolExecutor.java:1136)
	at java.base/java.util.concurrent.ThreadPoolExecutor$Worker.run(ThreadPoolExecutor.java:635)
	at java.base/java.lang.Thread.run(Thread.java:833)
MCTS error in game: Breakthru
java.lang.NullPointerException: Cannot invoke "metadata.ai.heuristics.Heuristics.computeValue(other.context.Context, int, float)" because "heuristics" is null
	at utils.AIUtils.heuristicValueBonusEstimates(AIUtils.java:160)
	at search.mcts.backpropagation.QualitativeBonus.computeUtilities(QualitativeBonus.java:40)
	at search.mcts.backpropagation.BackpropagationStrategy.update(BackpropagationStrategy.java:97)
	at search.mcts.MCTS.lambda$selectAction$0(MCTS.java:684)
	at java.base/java.util.concurrent.Executors$RunnableAdapter.call(Executors.java:539)
	at java.base/java.util.concurrent.FutureTask.run(FutureTask.java:264)
	at java.base/java.util.concurrent.ThreadPoolExecutor.runWorker(ThreadPoolExecutor.java:1136)
	at java.base/java.util.concurrent.ThreadPoolExecutor$Worker.run(ThreadPoolExecutor.java:635)
	at java.base/java.lang.Thread.run(Thread.java:833)
MCTS error in game: Breakthru
java.lang.NullPointerException: Cannot invoke "metadata.ai.heuristics.Heuristics.computeValue(other.context.Context, int, float)" because "heuristics" is null
	at utils.AIUtils.heuristicValueBonusEstimates(AIUtils.java:160)
	at search.mcts.backpropagation.QualitativeBonus.computeUtilities(QualitativeBonus.java:40)
	at search.mcts.backpropagation.BackpropagationStrategy.update(BackpropagationStrategy.java:97)
	at search.mcts.MCTS.lambda$selectAction$0(MCTS.java:684)
	at java.base/java.util.concurrent.Executors$RunnableAdapter.call(Executors.java:539)
	at java.base/java.util.concurrent.FutureTask.run(FutureTask.java:264)
	at java.base/java.util.concurrent.ThreadPoolExecutor.runWorker(ThreadPoolExecutor.java:1136)
	at java.base/java.util.concurrent.ThreadPoolExecutor$Worker.run(ThreadPoolExecutor.java:635)
	at java.base/java.lang.Thread.run(Thread.java:833)
MCTS error in game: Breakthru
java.lang.NullPointerException: Cannot invoke "metadata.ai.heuristics.Heuristics.computeValue(other.context.Context, int, float)" because "heuristics" is null
	at utils.AIUtils.heuristicValueBonusEstimates(AIUtils.java:160)
	at search.mcts.backpropagation.QualitativeBonus.computeUtilities(QualitativeBonus.java:40)
	at search.mcts.backpropagation.BackpropagationStrategy.update(BackpropagationStrategy.java:97)
	at search.mcts.MCTS.lambda$selectAction$0(MCTS.java:684)
	at java.base/java.util.concurrent.Executors$RunnableAdapter.call(Executors.java:539)
	at java.base/java.util.concurrent.FutureTask.run(FutureTask.java:264)
	at java.base/java.util.concurrent.ThreadPoolExecutor.runWorker(ThreadPoolExecutor.java:1136)
	at java.base/java.util.concurrent.ThreadPoolExecutor$Worker.run(ThreadPoolExecutor.java:635)
	at java.base/java.lang.Thread.run(Thread.java:833)
MCTS error in game: Breakthru
java.lang.NullPointerException: Cannot invoke "metadata.ai.heuristics.Heuristics.computeValue(other.context.Context, int, float)" because "heuristics" is null
	at utils.AIUtils.heuristicValueBonusEstimates(AIUtils.java:160)
	at search.mcts.backpropagation.QualitativeBonus.computeUtilities(QualitativeBonus.java:40)
	at search.mcts.backpropagation.BackpropagationStrategy.update(BackpropagationStrategy.java:97)
	at search.mcts.MCTS.lambda$selectAction$0(MCTS.java:684)
	at java.base/java.util.concurrent.Executors$RunnableAdapter.call(Executors.java:539)
	at java.base/java.util.concurrent.FutureTask.run(FutureTask.java:264)
	at java.base/java.util.concurrent.ThreadPoolExecutor.runWorker(ThreadPoolExecutor.java:1136)
	at java.base/java.util.concurrent.ThreadPoolExecutor$Worker.run(ThreadPoolExecutor.java:635)
	at java.base/java.lang.Thread.run(Thread.java:833)
MCTS error in game: Breakthru
java.lang.NullPointerException: Cannot invoke "metadata.ai.heuristics.Heuristics.computeValue(other.context.Context, int, float)" because "heuristics" is null
	at utils.AIUtils.heuristicValueBonusEstimates(AIUtils.java:160)
	at search.mcts.backpropagation.QualitativeBonus.computeUtilities(QualitativeBonus.java:40)
	at search.mcts.backpropagation.BackpropagationStrategy.update(BackpropagationStrategy.java:97)
	at search.mcts.MCTS.lambda$selectAction$0(MCTS.java:684)
	at java.base/java.util.concurrent.Executors$RunnableAdapter.call(Executors.java:539)
	at java.base/java.util.concurrent.FutureTask.run(FutureTask.java:264)
	at java.base/java.util.concurrent.ThreadPoolExecutor.runWorker(ThreadPoolExecutor.java:1136)
	at java.base/java.util.concurrent.ThreadPoolExecutor$Worker.run(ThreadPoolExecutor.java:635)
	at java.base/java.lang.Thread.run(Thread.java:833)
MCTS error in game: Breakthru
java.lang.NullPointerException: Cannot invoke "metadata.ai.heuristics.Heuristics.computeValue(other.context.Context, int, float)" because "heuristics" is null
	at utils.AIUtils.heuristicValueBonusEstimates(AIUtils.java:160)
	at search.mcts.backpropagation.QualitativeBonus.computeUtilities(QualitativeBonus.java:40)
	at search.mcts.backpropagation.BackpropagationStrategy.update(BackpropagationStrategy.java:97)
	at search.mcts.MCTS.lambda$selectAction$0(MCTS.java:684)
	at java.base/java.util.concurrent.Executors$RunnableAdapter.call(Executors.java:539)
	at java.base/java.util.concurrent.FutureTask.run(FutureTask.java:264)
	at java.base/java.util.concurrent.ThreadPoolExecutor.runWorker(ThreadPoolExecutor.java:1136)
	at java.base/java.util.concurrent.ThreadPoolExecutor$Worker.run(ThreadPoolExecutor.java:635)
	at java.base/java.lang.Thread.run(Thread.java:833)
MCTS error in game: Breakthru
java.lang.NullPointerException: Cannot invoke "metadata.ai.heuristics.Heuristics.computeValue(other.context.Context, int, float)" because "heuristics" is null
	at utils.AIUtils.heuristicValueBonusEstimates(AIUtils.java:160)
	at search.mcts.backpropagation.QualitativeBonus.computeUtilities(QualitativeBonus.java:40)
	at search.mcts.backpropagation.BackpropagationStrategy.update(BackpropagationStrategy.java:97)
	at search.mcts.MCTS.lambda$selectAction$0(MCTS.java:684)
	at java.base/java.util.concurrent.Executors$RunnableAdapter.call(Executors.java:539)
	at java.base/java.util.concurrent.FutureTask.run(FutureTask.java:264)
	at java.base/java.util.concurrent.ThreadPoolExecutor.runWorker(ThreadPoolExecutor.java:1136)
	at java.base/java.util.concurrent.ThreadPoolExecutor$Worker.run(ThreadPoolExecutor.java:635)
	at java.base/java.lang.Thread.run(Thread.java:833)
srun: Job step aborted: Waiting up to 302 seconds for job step to finish.
slurmstepd: error: *** STEP 6219772.0 ON lm4-w038 CANCELLED AT 2026-03-22T20:21:53 ***
slurmstepd: error: *** JOB 6219772 ON lm4-w038 CANCELLED AT 2026-03-22T20:21:53 ***
