mkdir: cannot create directory ‘/slurm_jobs’: Permission denied
MCTS error in game: Che Lo
java.lang.NullPointerException: Cannot invoke "policies.Policy.computeDistribution(other.context.Context, main.collections.FastArrayList, boolean)" because the return value of "search.mcts.MCTS.learnedSelectionPolicy()" is null
	at search.mcts.nodes.DeterministicNode.learnedSelectionPolicy(DeterministicNode.java:250)
	at search.mcts.selection.NoisyAG0Selection.select(NoisyAG0Selection.java:59)
	at search.mcts.MCTS.lambda$selectAction$0(MCTS.java:601)
	at java.base/java.util.concurrent.Executors$RunnableAdapter.call(Executors.java:539)
	at java.base/java.util.concurrent.FutureTask.run(FutureTask.java:264)
	at java.base/java.util.concurrent.ThreadPoolExecutor.runWorker(ThreadPoolExecutor.java:1136)
	at java.base/java.util.concurrent.ThreadPoolExecutor$Worker.run(ThreadPoolExecutor.java:635)
	at java.base/java.lang.Thread.run(Thread.java:833)
MCTS error in game: Che Lo
java.lang.NullPointerException: Cannot invoke "policies.Policy.computeDistribution(other.context.Context, main.collections.FastArrayList, boolean)" because the return value of "search.mcts.MCTS.learnedSelectionPolicy()" is null
	at search.mcts.nodes.DeterministicNode.learnedSelectionPolicy(DeterministicNode.java:250)
	at search.mcts.selection.NoisyAG0Selection.select(NoisyAG0Selection.java:59)
	at search.mcts.MCTS.lambda$selectAction$0(MCTS.java:601)
	at java.base/java.util.concurrent.Executors$RunnableAdapter.call(Executors.java:539)
	at java.base/java.util.concurrent.FutureTask.run(FutureTask.java:264)
	at java.base/java.util.concurrent.ThreadPoolExecutor.runWorker(ThreadPoolExecutor.java:1136)
	at java.base/java.util.concurrent.ThreadPoolExecutor$Worker.run(ThreadPoolExecutor.java:635)
	at java.base/java.lang.Thread.run(Thread.java:833)
MCTS error in game: Che Lo
java.lang.NullPointerException: Cannot invoke "policies.Policy.computeDistribution(other.context.Context, main.collections.FastArrayList, boolean)" because the return value of "search.mcts.MCTS.learnedSelectionPolicy()" is null
	at search.mcts.nodes.DeterministicNode.learnedSelectionPolicy(DeterministicNode.java:250)
	at search.mcts.selection.NoisyAG0Selection.select(NoisyAG0Selection.java:59)
	at search.mcts.MCTS.lambda$selectAction$0(MCTS.java:601)
	at java.base/java.util.concurrent.Executors$RunnableAdapter.call(Executors.java:539)
	at java.base/java.util.concurrent.FutureTask.run(FutureTask.java:264)
	at java.base/java.util.concurrent.ThreadPoolExecutor.runWorker(ThreadPoolExecutor.java:1136)
	at java.base/java.util.concurrent.ThreadPoolExecutor$Worker.run(ThreadPoolExecutor.java:635)
	at java.base/java.lang.Thread.run(Thread.java:833)
MCTS error in game: Che Lo
java.lang.NullPointerException: Cannot invoke "policies.Policy.computeDistribution(other.context.Context, main.collections.FastArrayList, boolean)" because the return value of "search.mcts.MCTS.learnedSelectionPolicy()" is null
	at search.mcts.nodes.DeterministicNode.learnedSelectionPolicy(DeterministicNode.java:250)
	at search.mcts.selection.NoisyAG0Selection.select(NoisyAG0Selection.java:59)
	at search.mcts.MCTS.lambda$selectAction$0(MCTS.java:601)
	at java.base/java.util.concurrent.Executors$RunnableAdapter.call(Executors.java:539)
	at java.base/java.util.concurrent.FutureTask.run(FutureTask.java:264)
	at java.base/java.util.concurrent.ThreadPoolExecutor.runWorker(ThreadPoolExecutor.java:1136)
	at java.base/java.util.concurrent.ThreadPoolExecutor$Worker.run(ThreadPoolExecutor.java:635)
	at java.base/java.lang.Thread.run(Thread.java:833)
MCTS error in game: Che Lo
java.lang.NullPointerException: Cannot invoke "policies.Policy.computeDistribution(other.context.Context, main.collections.FastArrayList, boolean)" because the return value of "search.mcts.MCTS.learnedSelectionPolicy()" is null
	at search.mcts.nodes.DeterministicNode.learnedSelectionPolicy(DeterministicNode.java:250)
	at search.mcts.selection.NoisyAG0Selection.select(NoisyAG0Selection.java:59)
	at search.mcts.MCTS.lambda$selectAction$0(MCTS.java:601)
	at java.base/java.util.concurrent.Executors$RunnableAdapter.call(Executors.java:539)
	at java.base/java.util.concurrent.FutureTask.run(FutureTask.java:264)
	at java.base/java.util.concurrent.ThreadPoolExecutor.runWorker(ThreadPoolExecutor.java:1136)
	at java.base/java.util.concurrent.ThreadPoolExecutor$Worker.run(ThreadPoolExecutor.java:635)
	at java.base/java.lang.Thread.run(Thread.java:833)
MCTS error in game: Che Lo
java.lang.NullPointerException: Cannot invoke "policies.Policy.computeDistribution(other.context.Context, main.collections.FastArrayList, boolean)" because the return value of "search.mcts.MCTS.learnedSelectionPolicy()" is null
	at search.mcts.nodes.DeterministicNode.learnedSelectionPolicy(DeterministicNode.java:250)
	at search.mcts.selection.NoisyAG0Selection.select(NoisyAG0Selection.java:59)
	at search.mcts.MCTS.lambda$selectAction$0(MCTS.java:601)
	at java.base/java.util.concurrent.Executors$RunnableAdapter.call(Executors.java:539)
	at java.base/java.util.concurrent.FutureTask.run(FutureTask.java:264)
	at java.base/java.util.concurrent.ThreadPoolExecutor.runWorker(ThreadPoolExecutor.java:1136)
	at java.base/java.util.concurrent.ThreadPoolExecutor$Worker.run(ThreadPoolExecutor.java:635)
	at java.base/java.lang.Thread.run(Thread.java:833)
MCTS error in game: Che Lo
java.lang.NullPointerException: Cannot invoke "policies.Policy.computeDistribution(other.context.Context, main.collections.FastArrayList, boolean)" because the return value of "search.mcts.MCTS.learnedSelectionPolicy()" is null
	at search.mcts.nodes.DeterministicNode.learnedSelectionPolicy(DeterministicNode.java:250)
	at search.mcts.selection.NoisyAG0Selection.select(NoisyAG0Selection.java:59)
	at search.mcts.MCTS.lambda$selectAction$0(MCTS.java:601)
	at java.base/java.util.concurrent.Executors$RunnableAdapter.call(Executors.java:539)
	at java.base/java.util.concurrent.FutureTask.run(FutureTask.java:264)
	at java.base/java.util.concurrent.ThreadPoolExecutor.runWorker(ThreadPoolExecutor.java:1136)
	at java.base/java.util.concurrent.ThreadPoolExecutor$Worker.run(ThreadPoolExecutor.java:635)
	at java.base/java.lang.Thread.run(Thread.java:833)
MCTS error in game: Che Lo
java.lang.NullPointerException: Cannot invoke "policies.Policy.computeDistribution(other.context.Context, main.collections.FastArrayList, boolean)" because the return value of "search.mcts.MCTS.learnedSelectionPolicy()" is null
	at search.mcts.nodes.DeterministicNode.learnedSelectionPolicy(DeterministicNode.java:250)
	at search.mcts.selection.NoisyAG0Selection.select(NoisyAG0Selection.java:59)
	at search.mcts.MCTS.lambda$selectAction$0(MCTS.java:601)
	at java.base/java.util.concurrent.Executors$RunnableAdapter.call(Executors.java:539)
	at java.base/java.util.concurrent.FutureTask.run(FutureTask.java:264)
	at java.base/java.util.concurrent.ThreadPoolExecutor.runWorker(ThreadPoolExecutor.java:1136)
	at java.base/java.util.concurrent.ThreadPoolExecutor$Worker.run(ThreadPoolExecutor.java:635)
	at java.base/java.lang.Thread.run(Thread.java:833)
MCTS error in game: Che Lo
java.lang.NullPointerException: Cannot invoke "policies.Policy.computeDistribution(other.context.Context, main.collections.FastArrayList, boolean)" because the return value of "search.mcts.MCTS.learnedSelectionPolicy()" is null
	at search.mcts.nodes.DeterministicNode.learnedSelectionPolicy(DeterministicNode.java:250)
	at search.mcts.selection.NoisyAG0Selection.select(NoisyAG0Selection.java:59)
	at search.mcts.MCTS.lambda$selectAction$0(MCTS.java:601)
	at java.base/java.util.concurrent.Executors$RunnableAdapter.call(Executors.java:539)
	at java.base/java.util.concurrent.FutureTask.run(FutureTask.java:264)
	at java.base/java.util.concurrent.ThreadPoolExecutor.runWorker(ThreadPoolExecutor.java:1136)
	at java.base/java.util.concurrent.ThreadPoolExecutor$Worker.run(ThreadPoolExecutor.java:635)
	at java.base/java.lang.Thread.run(Thread.java:833)
MCTS error in game: Che Lo
java.lang.NullPointerException: Cannot invoke "policies.Policy.computeDistribution(other.context.Context, main.collections.FastArrayList, boolean)" because the return value of "search.mcts.MCTS.learnedSelectionPolicy()" is null
	at search.mcts.nodes.DeterministicNode.learnedSelectionPolicy(DeterministicNode.java:250)
	at search.mcts.selection.NoisyAG0Selection.select(NoisyAG0Selection.java:59)
	at search.mcts.MCTS.lambda$selectAction$0(MCTS.java:601)
	at java.base/java.util.concurrent.Executors$RunnableAdapter.call(Executors.java:539)
	at java.base/java.util.concurrent.FutureTask.run(FutureTask.java:264)
	at java.base/java.util.concurrent.ThreadPoolExecutor.runWorker(ThreadPoolExecutor.java:1136)
	at java.base/java.util.concurrent.ThreadPoolExecutor$Worker.run(ThreadPoolExecutor.java:635)
	at java.base/java.lang.Thread.run(Thread.java:833)
MCTS error in game: Che Lo
java.lang.NullPointerException: Cannot invoke "policies.Policy.computeDistribution(other.context.Context, main.collections.FastArrayList, boolean)" because the return value of "search.mcts.MCTS.learnedSelectionPolicy()" is null
	at search.mcts.nodes.DeterministicNode.learnedSelectionPolicy(DeterministicNode.java:250)
	at search.mcts.selection.NoisyAG0Selection.select(NoisyAG0Selection.java:59)
	at search.mcts.MCTS.lambda$selectAction$0(MCTS.java:601)
	at java.base/java.util.concurrent.Executors$RunnableAdapter.call(Executors.java:539)
	at java.base/java.util.concurrent.FutureTask.run(FutureTask.java:264)
	at java.base/java.util.concurrent.ThreadPoolExecutor.runWorker(ThreadPoolExecutor.java:1136)
	at java.base/java.util.concurrent.ThreadPoolExecutor$Worker.run(ThreadPoolExecutor.java:635)
	at java.base/java.lang.Thread.run(Thread.java:833)
MCTS error in game: Che Lo
java.lang.NullPointerException: Cannot invoke "policies.Policy.computeDistribution(other.context.Context, main.collections.FastArrayList, boolean)" because the return value of "search.mcts.MCTS.learnedSelectionPolicy()" is null
	at search.mcts.nodes.DeterministicNode.learnedSelectionPolicy(DeterministicNode.java:250)
	at search.mcts.selection.NoisyAG0Selection.select(NoisyAG0Selection.java:59)
	at search.mcts.MCTS.lambda$selectAction$0(MCTS.java:601)
	at java.base/java.util.concurrent.Executors$RunnableAdapter.call(Executors.java:539)
	at java.base/java.util.concurrent.FutureTask.run(FutureTask.java:264)
	at java.base/java.util.concurrent.ThreadPoolExecutor.runWorker(ThreadPoolExecutor.java:1136)
	at java.base/java.util.concurrent.ThreadPoolExecutor$Worker.run(ThreadPoolExecutor.java:635)
	at java.base/java.lang.Thread.run(Thread.java:833)
MCTS error in game: Che Lo
java.lang.NullPointerException: Cannot invoke "policies.Policy.computeDistribution(other.context.Context, main.collections.FastArrayList, boolean)" because the return value of "search.mcts.MCTS.learnedSelectionPolicy()" is null
	at search.mcts.nodes.DeterministicNode.learnedSelectionPolicy(DeterministicNode.java:250)
	at search.mcts.selection.NoisyAG0Selection.select(NoisyAG0Selection.java:59)
	at search.mcts.MCTS.lambda$selectAction$0(MCTS.java:601)
	at java.base/java.util.concurrent.Executors$RunnableAdapter.call(Executors.java:539)
	at java.base/java.util.concurrent.FutureTask.run(FutureTask.java:264)
	at java.base/java.util.concurrent.ThreadPoolExecutor.runWorker(ThreadPoolExecutor.java:1136)
	at java.base/java.util.concurrent.ThreadPoolExecutor$Worker.run(ThreadPoolExecutor.java:635)
	at java.base/java.lang.Thread.run(Thread.java:833)
MCTS error in game: Che Lo
java.lang.NullPointerException: Cannot invoke "policies.Policy.computeDistribution(other.context.Context, main.collections.FastArrayList, boolean)" because the return value of "search.mcts.MCTS.learnedSelectionPolicy()" is null
	at search.mcts.nodes.DeterministicNode.learnedSelectionPolicy(DeterministicNode.java:250)
	at search.mcts.selection.NoisyAG0Selection.select(NoisyAG0Selection.java:59)
	at search.mcts.MCTS.lambda$selectAction$0(MCTS.java:601)
	at java.base/java.util.concurrent.Executors$RunnableAdapter.call(Executors.java:539)
	at java.base/java.util.concurrent.FutureTask.run(FutureTask.java:264)
	at java.base/java.util.concurrent.ThreadPoolExecutor.runWorker(ThreadPoolExecutor.java:1136)
	at java.base/java.util.concurrent.ThreadPoolExecutor$Worker.run(ThreadPoolExecutor.java:635)
	at java.base/java.lang.Thread.run(Thread.java:833)
MCTS error in game: Che Lo
java.lang.NullPointerException: Cannot invoke "policies.Policy.computeDistribution(other.context.Context, main.collections.FastArrayList, boolean)" because the return value of "search.mcts.MCTS.learnedSelectionPolicy()" is null
	at search.mcts.nodes.DeterministicNode.learnedSelectionPolicy(DeterministicNode.java:250)
	at search.mcts.selection.NoisyAG0Selection.select(NoisyAG0Selection.java:59)
	at search.mcts.MCTS.lambda$selectAction$0(MCTS.java:601)
	at java.base/java.util.concurrent.Executors$RunnableAdapter.call(Executors.java:539)
	at java.base/java.util.concurrent.FutureTask.run(FutureTask.java:264)
	at java.base/java.util.concurrent.ThreadPoolExecutor.runWorker(ThreadPoolExecutor.java:1136)
	at java.base/java.util.concurrent.ThreadPoolExecutor$Worker.run(ThreadPoolExecutor.java:635)
	at java.base/java.lang.Thread.run(Thread.java:833)
MCTS error in game: Che Lo
java.lang.NullPointerException: Cannot invoke "policies.Policy.computeDistribution(other.context.Context, main.collections.FastArrayList, boolean)" because the return value of "search.mcts.MCTS.learnedSelectionPolicy()" is null
	at search.mcts.nodes.DeterministicNode.learnedSelectionPolicy(DeterministicNode.java:250)
	at search.mcts.selection.NoisyAG0Selection.select(NoisyAG0Selection.java:59)
	at search.mcts.MCTS.lambda$selectAction$0(MCTS.java:601)
	at java.base/java.util.concurrent.Executors$RunnableAdapter.call(Executors.java:539)
	at java.base/java.util.concurrent.FutureTask.run(FutureTask.java:264)
	at java.base/java.util.concurrent.ThreadPoolExecutor.runWorker(ThreadPoolExecutor.java:1136)
	at java.base/java.util.concurrent.ThreadPoolExecutor$Worker.run(ThreadPoolExecutor.java:635)
	at java.base/java.lang.Thread.run(Thread.java:833)
MCTS error in game: Che Lo
java.lang.NullPointerException: Cannot invoke "policies.Policy.computeDistribution(other.context.Context, main.collections.FastArrayList, boolean)" because the return value of "search.mcts.MCTS.learnedSelectionPolicy()" is null
	at search.mcts.nodes.DeterministicNode.learnedSelectionPolicy(DeterministicNode.java:250)
	at search.mcts.selection.NoisyAG0Selection.select(NoisyAG0Selection.java:59)
	at search.mcts.MCTS.lambda$selectAction$0(MCTS.java:601)
	at java.base/java.util.concurrent.Executors$RunnableAdapter.call(Executors.java:539)
	at java.base/java.util.concurrent.FutureTask.run(FutureTask.java:264)
	at java.base/java.util.concurrent.ThreadPoolExecutor.runWorker(ThreadPoolExecutor.java:1136)
	at java.base/java.util.concurrent.ThreadPoolExecutor$Worker.run(ThreadPoolExecutor.java:635)
	at java.base/java.lang.Thread.run(Thread.java:833)
MCTS error in game: Che Lo
java.lang.NullPointerException: Cannot invoke "policies.Policy.computeDistribution(other.context.Context, main.collections.FastArrayList, boolean)" because the return value of "search.mcts.MCTS.learnedSelectionPolicy()" is null
	at search.mcts.nodes.DeterministicNode.learnedSelectionPolicy(DeterministicNode.java:250)
	at search.mcts.selection.NoisyAG0Selection.select(NoisyAG0Selection.java:59)
	at search.mcts.MCTS.lambda$selectAction$0(MCTS.java:601)
	at java.base/java.util.concurrent.Executors$RunnableAdapter.call(Executors.java:539)
	at java.base/java.util.concurrent.FutureTask.run(FutureTask.java:264)
	at java.base/java.util.concurrent.ThreadPoolExecutor.runWorker(ThreadPoolExecutor.java:1136)
	at java.base/java.util.concurrent.ThreadPoolExecutor$Worker.run(ThreadPoolExecutor.java:635)
	at java.base/java.lang.Thread.run(Thread.java:833)
MCTS error in game: Che Lo
java.lang.NullPointerException: Cannot invoke "policies.Policy.computeDistribution(other.context.Context, main.collections.FastArrayList, boolean)" because the return value of "search.mcts.MCTS.learnedSelectionPolicy()" is null
	at search.mcts.nodes.DeterministicNode.learnedSelectionPolicy(DeterministicNode.java:250)
	at search.mcts.selection.NoisyAG0Selection.select(NoisyAG0Selection.java:59)
	at search.mcts.MCTS.lambda$selectAction$0(MCTS.java:601)
	at java.base/java.util.concurrent.Executors$RunnableAdapter.call(Executors.java:539)
	at java.base/java.util.concurrent.FutureTask.run(FutureTask.java:264)
	at java.base/java.util.concurrent.ThreadPoolExecutor.runWorker(ThreadPoolExecutor.java:1136)
	at java.base/java.util.concurrent.ThreadPoolExecutor$Worker.run(ThreadPoolExecutor.java:635)
	at java.base/java.lang.Thread.run(Thread.java:833)
MCTS error in game: Che Lo
java.lang.NullPointerException: Cannot invoke "policies.Policy.computeDistribution(other.context.Context, main.collections.FastArrayList, boolean)" because the return value of "search.mcts.MCTS.learnedSelectionPolicy()" is null
	at search.mcts.nodes.DeterministicNode.learnedSelectionPolicy(DeterministicNode.java:250)
	at search.mcts.selection.NoisyAG0Selection.select(NoisyAG0Selection.java:59)
	at search.mcts.MCTS.lambda$selectAction$0(MCTS.java:601)
	at java.base/java.util.concurrent.Executors$RunnableAdapter.call(Executors.java:539)
	at java.base/java.util.concurrent.FutureTask.run(FutureTask.java:264)
	at java.base/java.util.concurrent.ThreadPoolExecutor.runWorker(ThreadPoolExecutor.java:1136)
	at java.base/java.util.concurrent.ThreadPoolExecutor$Worker.run(ThreadPoolExecutor.java:635)
	at java.base/java.lang.Thread.run(Thread.java:833)
MCTS error in game: Che Lo
java.lang.NullPointerException: Cannot invoke "policies.Policy.computeDistribution(other.context.Context, main.collections.FastArrayList, boolean)" because the return value of "search.mcts.MCTS.learnedSelectionPolicy()" is null
	at search.mcts.nodes.DeterministicNode.learnedSelectionPolicy(DeterministicNode.java:250)
	at search.mcts.selection.NoisyAG0Selection.select(NoisyAG0Selection.java:59)
	at search.mcts.MCTS.lambda$selectAction$0(MCTS.java:601)
	at java.base/java.util.concurrent.Executors$RunnableAdapter.call(Executors.java:539)
	at java.base/java.util.concurrent.FutureTask.run(FutureTask.java:264)
	at java.base/java.util.concurrent.ThreadPoolExecutor.runWorker(ThreadPoolExecutor.java:1136)
	at java.base/java.util.concurrent.ThreadPoolExecutor$Worker.run(ThreadPoolExecutor.java:635)
	at java.base/java.lang.Thread.run(Thread.java:833)
MCTS error in game: Che Lo
java.lang.NullPointerException: Cannot invoke "policies.Policy.computeDistribution(other.context.Context, main.collections.FastArrayList, boolean)" because the return value of "search.mcts.MCTS.learnedSelectionPolicy()" is null
	at search.mcts.nodes.DeterministicNode.learnedSelectionPolicy(DeterministicNode.java:250)
	at search.mcts.selection.NoisyAG0Selection.select(NoisyAG0Selection.java:59)
	at search.mcts.MCTS.lambda$selectAction$0(MCTS.java:601)
	at java.base/java.util.concurrent.Executors$RunnableAdapter.call(Executors.java:539)
	at java.base/java.util.concurrent.FutureTask.run(FutureTask.java:264)
	at java.base/java.util.concurrent.ThreadPoolExecutor.runWorker(ThreadPoolExecutor.java:1136)
	at java.base/java.util.concurrent.ThreadPoolExecutor$Worker.run(ThreadPoolExecutor.java:635)
	at java.base/java.lang.Thread.run(Thread.java:833)
MCTS error in game: Che Lo
java.lang.NullPointerException: Cannot invoke "policies.Policy.computeDistribution(other.context.Context, main.collections.FastArrayList, boolean)" because the return value of "search.mcts.MCTS.learnedSelectionPolicy()" is null
	at search.mcts.nodes.DeterministicNode.learnedSelectionPolicy(DeterministicNode.java:250)
	at search.mcts.selection.NoisyAG0Selection.select(NoisyAG0Selection.java:59)
	at search.mcts.MCTS.lambda$selectAction$0(MCTS.java:601)
	at java.base/java.util.concurrent.Executors$RunnableAdapter.call(Executors.java:539)
	at java.base/java.util.concurrent.FutureTask.run(FutureTask.java:264)
	at java.base/java.util.concurrent.ThreadPoolExecutor.runWorker(ThreadPoolExecutor.java:1136)
	at java.base/java.util.concurrent.ThreadPoolExecutor$Worker.run(ThreadPoolExecutor.java:635)
	at java.base/java.lang.Thread.run(Thread.java:833)
MCTS error in game: Che Lo
java.lang.NullPointerException: Cannot invoke "policies.Policy.computeDistribution(other.context.Context, main.collections.FastArrayList, boolean)" because the return value of "search.mcts.MCTS.learnedSelectionPolicy()" is null
	at search.mcts.nodes.DeterministicNode.learnedSelectionPolicy(DeterministicNode.java:250)
	at search.mcts.selection.NoisyAG0Selection.select(NoisyAG0Selection.java:59)
	at search.mcts.MCTS.lambda$selectAction$0(MCTS.java:601)
	at java.base/java.util.concurrent.Executors$RunnableAdapter.call(Executors.java:539)
	at java.base/java.util.concurrent.FutureTask.run(FutureTask.java:264)
	at java.base/java.util.concurrent.ThreadPoolExecutor.runWorker(ThreadPoolExecutor.java:1136)
	at java.base/java.util.concurrent.ThreadPoolExecutor$Worker.run(ThreadPoolExecutor.java:635)
	at java.base/java.lang.Thread.run(Thread.java:833)
MCTS error in game: Che Lo
java.lang.NullPointerException: Cannot invoke "policies.Policy.computeDistribution(other.context.Context, main.collections.FastArrayList, boolean)" because the return value of "search.mcts.MCTS.learnedSelectionPolicy()" is null
	at search.mcts.nodes.DeterministicNode.learnedSelectionPolicy(DeterministicNode.java:250)
	at search.mcts.selection.NoisyAG0Selection.select(NoisyAG0Selection.java:59)
	at search.mcts.MCTS.lambda$selectAction$0(MCTS.java:601)
	at java.base/java.util.concurrent.Executors$RunnableAdapter.call(Executors.java:539)
	at java.base/java.util.concurrent.FutureTask.run(FutureTask.java:264)
	at java.base/java.util.concurrent.ThreadPoolExecutor.runWorker(ThreadPoolExecutor.java:1136)
	at java.base/java.util.concurrent.ThreadPoolExecutor$Worker.run(ThreadPoolExecutor.java:635)
	at java.base/java.lang.Thread.run(Thread.java:833)
MCTS error in game: Che Lo
java.lang.NullPointerException: Cannot invoke "policies.Policy.computeDistribution(other.context.Context, main.collections.FastArrayList, boolean)" because the return value of "search.mcts.MCTS.learnedSelectionPolicy()" is null
	at search.mcts.nodes.DeterministicNode.learnedSelectionPolicy(DeterministicNode.java:250)
	at search.mcts.selection.NoisyAG0Selection.select(NoisyAG0Selection.java:59)
	at search.mcts.MCTS.lambda$selectAction$0(MCTS.java:601)
	at java.base/java.util.concurrent.Executors$RunnableAdapter.call(Executors.java:539)
	at java.base/java.util.concurrent.FutureTask.run(FutureTask.java:264)
	at java.base/java.util.concurrent.ThreadPoolExecutor.runWorker(ThreadPoolExecutor.java:1136)
	at java.base/java.util.concurrent.ThreadPoolExecutor$Worker.run(ThreadPoolExecutor.java:635)
	at java.base/java.lang.Thread.run(Thread.java:833)
MCTS error in game: Che Lo
java.lang.NullPointerException: Cannot invoke "policies.Policy.computeDistribution(other.context.Context, main.collections.FastArrayList, boolean)" because the return value of "search.mcts.MCTS.learnedSelectionPolicy()" is null
	at search.mcts.nodes.DeterministicNode.learnedSelectionPolicy(DeterministicNode.java:250)
	at search.mcts.selection.NoisyAG0Selection.select(NoisyAG0Selection.java:59)
	at search.mcts.MCTS.lambda$selectAction$0(MCTS.java:601)
	at java.base/java.util.concurrent.Executors$RunnableAdapter.call(Executors.java:539)
	at java.base/java.util.concurrent.FutureTask.run(FutureTask.java:264)
	at java.base/java.util.concurrent.ThreadPoolExecutor.runWorker(ThreadPoolExecutor.java:1136)
	at java.base/java.util.concurrent.ThreadPoolExecutor$Worker.run(ThreadPoolExecutor.java:635)
	at java.base/java.lang.Thread.run(Thread.java:833)
MCTS error in game: Che Lo
java.lang.NullPointerException: Cannot invoke "policies.Policy.computeDistribution(other.context.Context, main.collections.FastArrayList, boolean)" because the return value of "search.mcts.MCTS.learnedSelectionPolicy()" is null
	at search.mcts.nodes.DeterministicNode.learnedSelectionPolicy(DeterministicNode.java:250)
	at search.mcts.selection.NoisyAG0Selection.select(NoisyAG0Selection.java:59)
	at search.mcts.MCTS.lambda$selectAction$0(MCTS.java:601)
	at java.base/java.util.concurrent.Executors$RunnableAdapter.call(Executors.java:539)
	at java.base/java.util.concurrent.FutureTask.run(FutureTask.java:264)
	at java.base/java.util.concurrent.ThreadPoolExecutor.runWorker(ThreadPoolExecutor.java:1136)
	at java.base/java.util.concurrent.ThreadPoolExecutor$Worker.run(ThreadPoolExecutor.java:635)
	at java.base/java.lang.Thread.run(Thread.java:833)
MCTS error in game: Che Lo
java.lang.NullPointerException: Cannot invoke "policies.Policy.computeDistribution(other.context.Context, main.collections.FastArrayList, boolean)" because the return value of "search.mcts.MCTS.learnedSelectionPolicy()" is null
	at search.mcts.nodes.DeterministicNode.learnedSelectionPolicy(DeterministicNode.java:250)
	at search.mcts.selection.NoisyAG0Selection.select(NoisyAG0Selection.java:59)
	at search.mcts.MCTS.lambda$selectAction$0(MCTS.java:601)
	at java.base/java.util.concurrent.Executors$RunnableAdapter.call(Executors.java:539)
	at java.base/java.util.concurrent.FutureTask.run(FutureTask.java:264)
	at java.base/java.util.concurrent.ThreadPoolExecutor.runWorker(ThreadPoolExecutor.java:1136)
	at java.base/java.util.concurrent.ThreadPoolExecutor$Worker.run(ThreadPoolExecutor.java:635)
	at java.base/java.lang.Thread.run(Thread.java:833)
MCTS error in game: Che Lo
java.lang.NullPointerException: Cannot invoke "policies.Policy.computeDistribution(other.context.Context, main.collections.FastArrayList, boolean)" because the return value of "search.mcts.MCTS.learnedSelectionPolicy()" is null
	at search.mcts.nodes.DeterministicNode.learnedSelectionPolicy(DeterministicNode.java:250)
	at search.mcts.selection.NoisyAG0Selection.select(NoisyAG0Selection.java:59)
	at search.mcts.MCTS.lambda$selectAction$0(MCTS.java:601)
	at java.base/java.util.concurrent.Executors$RunnableAdapter.call(Executors.java:539)
	at java.base/java.util.concurrent.FutureTask.run(FutureTask.java:264)
	at java.base/java.util.concurrent.ThreadPoolExecutor.runWorker(ThreadPoolExecutor.java:1136)
	at java.base/java.util.concurrent.ThreadPoolExecutor$Worker.run(ThreadPoolExecutor.java:635)
	at java.base/java.lang.Thread.run(Thread.java:833)
MCTS error in game: Che Lo
java.lang.NullPointerException: Cannot invoke "policies.Policy.computeDistribution(other.context.Context, main.collections.FastArrayList, boolean)" because the return value of "search.mcts.MCTS.learnedSelectionPolicy()" is null
	at search.mcts.nodes.DeterministicNode.learnedSelectionPolicy(DeterministicNode.java:250)
	at search.mcts.selection.NoisyAG0Selection.select(NoisyAG0Selection.java:59)
	at search.mcts.MCTS.lambda$selectAction$0(MCTS.java:601)
	at java.base/java.util.concurrent.Executors$RunnableAdapter.call(Executors.java:539)
	at java.base/java.util.concurrent.FutureTask.run(FutureTask.java:264)
	at java.base/java.util.concurrent.ThreadPoolExecutor.runWorker(ThreadPoolExecutor.java:1136)
	at java.base/java.util.concurrent.ThreadPoolExecutor$Worker.run(ThreadPoolExecutor.java:635)
	at java.base/java.lang.Thread.run(Thread.java:833)
MCTS error in game: Che Lo
java.lang.NullPointerException: Cannot invoke "policies.Policy.computeDistribution(other.context.Context, main.collections.FastArrayList, boolean)" because the return value of "search.mcts.MCTS.learnedSelectionPolicy()" is null
	at search.mcts.nodes.DeterministicNode.learnedSelectionPolicy(DeterministicNode.java:250)
	at search.mcts.selection.NoisyAG0Selection.select(NoisyAG0Selection.java:59)
	at search.mcts.MCTS.lambda$selectAction$0(MCTS.java:601)
	at java.base/java.util.concurrent.Executors$RunnableAdapter.call(Executors.java:539)
	at java.base/java.util.concurrent.FutureTask.run(FutureTask.java:264)
	at java.base/java.util.concurrent.ThreadPoolExecutor.runWorker(ThreadPoolExecutor.java:1136)
	at java.base/java.util.concurrent.ThreadPoolExecutor$Worker.run(ThreadPoolExecutor.java:635)
	at java.base/java.lang.Thread.run(Thread.java:833)
MCTS error in game: Che Lo
java.lang.NullPointerException: Cannot invoke "policies.Policy.computeDistribution(other.context.Context, main.collections.FastArrayList, boolean)" because the return value of "search.mcts.MCTS.learnedSelectionPolicy()" is null
	at search.mcts.nodes.DeterministicNode.learnedSelectionPolicy(DeterministicNode.java:250)
	at search.mcts.selection.NoisyAG0Selection.select(NoisyAG0Selection.java:59)
	at search.mcts.MCTS.lambda$selectAction$0(MCTS.java:601)
	at java.base/java.util.concurrent.Executors$RunnableAdapter.call(Executors.java:539)
	at java.base/java.util.concurrent.FutureTask.run(FutureTask.java:264)
	at java.base/java.util.concurrent.ThreadPoolExecutor.runWorker(ThreadPoolExecutor.java:1136)
	at java.base/java.util.concurrent.ThreadPoolExecutor$Worker.run(ThreadPoolExecutor.java:635)
	at java.base/java.lang.Thread.run(Thread.java:833)
MCTS error in game: Che Lo
java.lang.NullPointerException: Cannot invoke "policies.Policy.computeDistribution(other.context.Context, main.collections.FastArrayList, boolean)" because the return value of "search.mcts.MCTS.learnedSelectionPolicy()" is null
	at search.mcts.nodes.DeterministicNode.learnedSelectionPolicy(DeterministicNode.java:250)
	at search.mcts.selection.NoisyAG0Selection.select(NoisyAG0Selection.java:59)
	at search.mcts.MCTS.lambda$selectAction$0(MCTS.java:601)
	at java.base/java.util.concurrent.Executors$RunnableAdapter.call(Executors.java:539)
	at java.base/java.util.concurrent.FutureTask.run(FutureTask.java:264)
	at java.base/java.util.concurrent.ThreadPoolExecutor.runWorker(ThreadPoolExecutor.java:1136)
	at java.base/java.util.concurrent.ThreadPoolExecutor$Worker.run(ThreadPoolExecutor.java:635)
	at java.base/java.lang.Thread.run(Thread.java:833)
MCTS error in game: Che Lo
java.lang.NullPointerException: Cannot invoke "policies.Policy.computeDistribution(other.context.Context, main.collections.FastArrayList, boolean)" because the return value of "search.mcts.MCTS.learnedSelectionPolicy()" is null
	at search.mcts.nodes.DeterministicNode.learnedSelectionPolicy(DeterministicNode.java:250)
	at search.mcts.selection.NoisyAG0Selection.select(NoisyAG0Selection.java:59)
	at search.mcts.MCTS.lambda$selectAction$0(MCTS.java:601)
	at java.base/java.util.concurrent.Executors$RunnableAdapter.call(Executors.java:539)
	at java.base/java.util.concurrent.FutureTask.run(FutureTask.java:264)
	at java.base/java.util.concurrent.ThreadPoolExecutor.runWorker(ThreadPoolExecutor.java:1136)
	at java.base/java.util.concurrent.ThreadPoolExecutor$Worker.run(ThreadPoolExecutor.java:635)
	at java.base/java.lang.Thread.run(Thread.java:833)
MCTS error in game: Che Lo
java.lang.NullPointerException: Cannot invoke "policies.Policy.computeDistribution(other.context.Context, main.collections.FastArrayList, boolean)" because the return value of "search.mcts.MCTS.learnedSelectionPolicy()" is null
	at search.mcts.nodes.DeterministicNode.learnedSelectionPolicy(DeterministicNode.java:250)
	at search.mcts.selection.NoisyAG0Selection.select(NoisyAG0Selection.java:59)
	at search.mcts.MCTS.lambda$selectAction$0(MCTS.java:601)
	at java.base/java.util.concurrent.Executors$RunnableAdapter.call(Executors.java:539)
	at java.base/java.util.concurrent.FutureTask.run(FutureTask.java:264)
	at java.base/java.util.concurrent.ThreadPoolExecutor.runWorker(ThreadPoolExecutor.java:1136)
	at java.base/java.util.concurrent.ThreadPoolExecutor$Worker.run(ThreadPoolExecutor.java:635)
	at java.base/java.lang.Thread.run(Thread.java:833)
MCTS error in game: Che Lo
java.lang.NullPointerException: Cannot invoke "policies.Policy.computeDistribution(other.context.Context, main.collections.FastArrayList, boolean)" because the return value of "search.mcts.MCTS.learnedSelectionPolicy()" is null
	at search.mcts.nodes.DeterministicNode.learnedSelectionPolicy(DeterministicNode.java:250)
	at search.mcts.selection.NoisyAG0Selection.select(NoisyAG0Selection.java:59)
	at search.mcts.MCTS.lambda$selectAction$0(MCTS.java:601)
	at java.base/java.util.concurrent.Executors$RunnableAdapter.call(Executors.java:539)
	at java.base/java.util.concurrent.FutureTask.run(FutureTask.java:264)
	at java.base/java.util.concurrent.ThreadPoolExecutor.runWorker(ThreadPoolExecutor.java:1136)
	at java.base/java.util.concurrent.ThreadPoolExecutor$Worker.run(ThreadPoolExecutor.java:635)
	at java.base/java.lang.Thread.run(Thread.java:833)
MCTS error in game: Che Lo
java.lang.NullPointerException: Cannot invoke "policies.Policy.computeDistribution(other.context.Context, main.collections.FastArrayList, boolean)" because the return value of "search.mcts.MCTS.learnedSelectionPolicy()" is null
	at search.mcts.nodes.DeterministicNode.learnedSelectionPolicy(DeterministicNode.java:250)
	at search.mcts.selection.NoisyAG0Selection.select(NoisyAG0Selection.java:59)
	at search.mcts.MCTS.lambda$selectAction$0(MCTS.java:601)
	at java.base/java.util.concurrent.Executors$RunnableAdapter.call(Executors.java:539)
	at java.base/java.util.concurrent.FutureTask.run(FutureTask.java:264)
	at java.base/java.util.concurrent.ThreadPoolExecutor.runWorker(ThreadPoolExecutor.java:1136)
	at java.base/java.util.concurrent.ThreadPoolExecutor$Worker.run(ThreadPoolExecutor.java:635)
	at java.base/java.lang.Thread.run(Thread.java:833)
MCTS error in game: Che Lo
java.lang.NullPointerException: Cannot invoke "policies.Policy.computeDistribution(other.context.Context, main.collections.FastArrayList, boolean)" because the return value of "search.mcts.MCTS.learnedSelectionPolicy()" is null
	at search.mcts.nodes.DeterministicNode.learnedSelectionPolicy(DeterministicNode.java:250)
	at search.mcts.selection.NoisyAG0Selection.select(NoisyAG0Selection.java:59)
	at search.mcts.MCTS.lambda$selectAction$0(MCTS.java:601)
	at java.base/java.util.concurrent.Executors$RunnableAdapter.call(Executors.java:539)
	at java.base/java.util.concurrent.FutureTask.run(FutureTask.java:264)
	at java.base/java.util.concurrent.ThreadPoolExecutor.runWorker(ThreadPoolExecutor.java:1136)
	at java.base/java.util.concurrent.ThreadPoolExecutor$Worker.run(ThreadPoolExecutor.java:635)
	at java.base/java.lang.Thread.run(Thread.java:833)
MCTS error in game: Che Lo
java.lang.NullPointerException: Cannot invoke "policies.Policy.computeDistribution(other.context.Context, main.collections.FastArrayList, boolean)" because the return value of "search.mcts.MCTS.learnedSelectionPolicy()" is null
	at search.mcts.nodes.DeterministicNode.learnedSelectionPolicy(DeterministicNode.java:250)
	at search.mcts.selection.NoisyAG0Selection.select(NoisyAG0Selection.java:59)
	at search.mcts.MCTS.lambda$selectAction$0(MCTS.java:601)
	at java.base/java.util.concurrent.Executors$RunnableAdapter.call(Executors.java:539)
	at java.base/java.util.concurrent.FutureTask.run(FutureTask.java:264)
	at java.base/java.util.concurrent.ThreadPoolExecutor.runWorker(ThreadPoolExecutor.java:1136)
	at java.base/java.util.concurrent.ThreadPoolExecutor$Worker.run(ThreadPoolExecutor.java:635)
	at java.base/java.lang.Thread.run(Thread.java:833)
MCTS error in game: Che Lo
java.lang.NullPointerException: Cannot invoke "policies.Policy.computeDistribution(other.context.Context, main.collections.FastArrayList, boolean)" because the return value of "search.mcts.MCTS.learnedSelectionPolicy()" is null
	at search.mcts.nodes.DeterministicNode.learnedSelectionPolicy(DeterministicNode.java:250)
	at search.mcts.selection.NoisyAG0Selection.select(NoisyAG0Selection.java:59)
	at search.mcts.MCTS.lambda$selectAction$0(MCTS.java:601)
	at java.base/java.util.concurrent.Executors$RunnableAdapter.call(Executors.java:539)
	at java.base/java.util.concurrent.FutureTask.run(FutureTask.java:264)
	at java.base/java.util.concurrent.ThreadPoolExecutor.runWorker(ThreadPoolExecutor.java:1136)
	at java.base/java.util.concurrent.ThreadPoolExecutor$Worker.run(ThreadPoolExecutor.java:635)
	at java.base/java.lang.Thread.run(Thread.java:833)
MCTS error in game: Che Lo
java.lang.NullPointerException: Cannot invoke "policies.Policy.computeDistribution(other.context.Context, main.collections.FastArrayList, boolean)" because the return value of "search.mcts.MCTS.learnedSelectionPolicy()" is null
	at search.mcts.nodes.DeterministicNode.learnedSelectionPolicy(DeterministicNode.java:250)
	at search.mcts.selection.NoisyAG0Selection.select(NoisyAG0Selection.java:59)
	at search.mcts.MCTS.lambda$selectAction$0(MCTS.java:601)
	at java.base/java.util.concurrent.Executors$RunnableAdapter.call(Executors.java:539)
	at java.base/java.util.concurrent.FutureTask.run(FutureTask.java:264)
	at java.base/java.util.concurrent.ThreadPoolExecutor.runWorker(ThreadPoolExecutor.java:1136)
	at java.base/java.util.concurrent.ThreadPoolExecutor$Worker.run(ThreadPoolExecutor.java:635)
	at java.base/java.lang.Thread.run(Thread.java:833)
MCTS error in game: Che Lo
java.lang.NullPointerException: Cannot invoke "policies.Policy.computeDistribution(other.context.Context, main.collections.FastArrayList, boolean)" because the return value of "search.mcts.MCTS.learnedSelectionPolicy()" is null
	at search.mcts.nodes.DeterministicNode.learnedSelectionPolicy(DeterministicNode.java:250)
	at search.mcts.selection.NoisyAG0Selection.select(NoisyAG0Selection.java:59)
	at search.mcts.MCTS.lambda$selectAction$0(MCTS.java:601)
	at java.base/java.util.concurrent.Executors$RunnableAdapter.call(Executors.java:539)
	at java.base/java.util.concurrent.FutureTask.run(FutureTask.java:264)
	at java.base/java.util.concurrent.ThreadPoolExecutor.runWorker(ThreadPoolExecutor.java:1136)
	at java.base/java.util.concurrent.ThreadPoolExecutor$Worker.run(ThreadPoolExecutor.java:635)
	at java.base/java.lang.Thread.run(Thread.java:833)
MCTS error in game: Che Lo
java.lang.NullPointerException: Cannot invoke "policies.Policy.computeDistribution(other.context.Context, main.collections.FastArrayList, boolean)" because the return value of "search.mcts.MCTS.learnedSelectionPolicy()" is null
	at search.mcts.nodes.DeterministicNode.learnedSelectionPolicy(DeterministicNode.java:250)
	at search.mcts.selection.NoisyAG0Selection.select(NoisyAG0Selection.java:59)
	at search.mcts.MCTS.lambda$selectAction$0(MCTS.java:601)
	at java.base/java.util.concurrent.Executors$RunnableAdapter.call(Executors.java:539)
	at java.base/java.util.concurrent.FutureTask.run(FutureTask.java:264)
	at java.base/java.util.concurrent.ThreadPoolExecutor.runWorker(ThreadPoolExecutor.java:1136)
	at java.base/java.util.concurrent.ThreadPoolExecutor$Worker.run(ThreadPoolExecutor.java:635)
	at java.base/java.lang.Thread.run(Thread.java:833)
MCTS error in game: Che Lo
java.lang.NullPointerException: Cannot invoke "policies.Policy.computeDistribution(other.context.Context, main.collections.FastArrayList, boolean)" because the return value of "search.mcts.MCTS.learnedSelectionPolicy()" is null
	at search.mcts.nodes.DeterministicNode.learnedSelectionPolicy(DeterministicNode.java:250)
	at search.mcts.selection.NoisyAG0Selection.select(NoisyAG0Selection.java:59)
	at search.mcts.MCTS.lambda$selectAction$0(MCTS.java:601)
	at java.base/java.util.concurrent.Executors$RunnableAdapter.call(Executors.java:539)
	at java.base/java.util.concurrent.FutureTask.run(FutureTask.java:264)
	at java.base/java.util.concurrent.ThreadPoolExecutor.runWorker(ThreadPoolExecutor.java:1136)
	at java.base/java.util.concurrent.ThreadPoolExecutor$Worker.run(ThreadPoolExecutor.java:635)
	at java.base/java.lang.Thread.run(Thread.java:833)
MCTS error in game: Che Lo
java.lang.NullPointerException: Cannot invoke "policies.Policy.computeDistribution(other.context.Context, main.collections.FastArrayList, boolean)" because the return value of "search.mcts.MCTS.learnedSelectionPolicy()" is null
	at search.mcts.nodes.DeterministicNode.learnedSelectionPolicy(DeterministicNode.java:250)
	at search.mcts.selection.NoisyAG0Selection.select(NoisyAG0Selection.java:59)
	at search.mcts.MCTS.lambda$selectAction$0(MCTS.java:601)
	at java.base/java.util.concurrent.Executors$RunnableAdapter.call(Executors.java:539)
	at java.base/java.util.concurrent.FutureTask.run(FutureTask.java:264)
	at java.base/java.util.concurrent.ThreadPoolExecutor.runWorker(ThreadPoolExecutor.java:1136)
	at java.base/java.util.concurrent.ThreadPoolExecutor$Worker.run(ThreadPoolExecutor.java:635)
	at java.base/java.lang.Thread.run(Thread.java:833)
MCTS error in game: Che Lo
java.lang.NullPointerException: Cannot invoke "policies.Policy.computeDistribution(other.context.Context, main.collections.FastArrayList, boolean)" because the return value of "search.mcts.MCTS.learnedSelectionPolicy()" is null
	at search.mcts.nodes.DeterministicNode.learnedSelectionPolicy(DeterministicNode.java:250)
	at search.mcts.selection.NoisyAG0Selection.select(NoisyAG0Selection.java:59)
	at search.mcts.MCTS.lambda$selectAction$0(MCTS.java:601)
	at java.base/java.util.concurrent.Executors$RunnableAdapter.call(Executors.java:539)
	at java.base/java.util.concurrent.FutureTask.run(FutureTask.java:264)
	at java.base/java.util.concurrent.ThreadPoolExecutor.runWorker(ThreadPoolExecutor.java:1136)
	at java.base/java.util.concurrent.ThreadPoolExecutor$Worker.run(ThreadPoolExecutor.java:635)
	at java.base/java.lang.Thread.run(Thread.java:833)
MCTS error in game: Che Lo
java.lang.NullPointerException: Cannot invoke "policies.Policy.computeDistribution(other.context.Context, main.collections.FastArrayList, boolean)" because the return value of "search.mcts.MCTS.learnedSelectionPolicy()" is null
	at search.mcts.nodes.DeterministicNode.learnedSelectionPolicy(DeterministicNode.java:250)
	at search.mcts.selection.NoisyAG0Selection.select(NoisyAG0Selection.java:59)
	at search.mcts.MCTS.lambda$selectAction$0(MCTS.java:601)
	at java.base/java.util.concurrent.Executors$RunnableAdapter.call(Executors.java:539)
	at java.base/java.util.concurrent.FutureTask.run(FutureTask.java:264)
	at java.base/java.util.concurrent.ThreadPoolExecutor.runWorker(ThreadPoolExecutor.java:1136)
	at java.base/java.util.concurrent.ThreadPoolExecutor$Worker.run(ThreadPoolExecutor.java:635)
	at java.base/java.lang.Thread.run(Thread.java:833)
MCTS error in game: Che Lo
java.lang.NullPointerException: Cannot invoke "policies.Policy.computeDistribution(other.context.Context, main.collections.FastArrayList, boolean)" because the return value of "search.mcts.MCTS.learnedSelectionPolicy()" is null
	at search.mcts.nodes.DeterministicNode.learnedSelectionPolicy(DeterministicNode.java:250)
	at search.mcts.selection.NoisyAG0Selection.select(NoisyAG0Selection.java:59)
	at search.mcts.MCTS.lambda$selectAction$0(MCTS.java:601)
	at java.base/java.util.concurrent.Executors$RunnableAdapter.call(Executors.java:539)
	at java.base/java.util.concurrent.FutureTask.run(FutureTask.java:264)
	at java.base/java.util.concurrent.ThreadPoolExecutor.runWorker(ThreadPoolExecutor.java:1136)
	at java.base/java.util.concurrent.ThreadPoolExecutor$Worker.run(ThreadPoolExecutor.java:635)
	at java.base/java.lang.Thread.run(Thread.java:833)
MCTS error in game: Che Lo
java.lang.NullPointerException: Cannot invoke "policies.Policy.computeDistribution(other.context.Context, main.collections.FastArrayList, boolean)" because the return value of "search.mcts.MCTS.learnedSelectionPolicy()" is null
	at search.mcts.nodes.DeterministicNode.learnedSelectionPolicy(DeterministicNode.java:250)
	at search.mcts.selection.NoisyAG0Selection.select(NoisyAG0Selection.java:59)
	at search.mcts.MCTS.lambda$selectAction$0(MCTS.java:601)
	at java.base/java.util.concurrent.Executors$RunnableAdapter.call(Executors.java:539)
	at java.base/java.util.concurrent.FutureTask.run(FutureTask.java:264)
	at java.base/java.util.concurrent.ThreadPoolExecutor.runWorker(ThreadPoolExecutor.java:1136)
	at java.base/java.util.concurrent.ThreadPoolExecutor$Worker.run(ThreadPoolExecutor.java:635)
	at java.base/java.lang.Thread.run(Thread.java:833)
Exception in thread "main" java.nio.file.AccessDeniedException: /slurm_jobs
	at java.base/sun.nio.fs.UnixException.translateToIOException(UnixException.java:90)
	at java.base/sun.nio.fs.UnixException.rethrowAsIOException(UnixException.java:106)
	at java.base/sun.nio.fs.UnixException.rethrowAsIOException(UnixException.java:111)
	at java.base/sun.nio.fs.UnixFileSystemProvider.createDirectory(UnixFileSystemProvider.java:397)
	at java.base/java.nio.file.Files.createDirectory(Files.java:700)
	at java.base/java.nio.file.Files.createAndCheckIsDirectory(Files.java:807)
	at java.base/java.nio.file.Files.createDirectories(Files.java:793)
	at experiments.planning.RunPlannedTest.writeSingleResult(RunPlannedTest.java:234)
	at experiments.planning.RunPlannedTest.main(RunPlannedTest.java:59)
srun: error: lm4-w005: task 0: Exited with exit code 1
