MCTS error in game: Solitario
java.lang.NullPointerException: Cannot invoke "policies.Policy.computeDistribution(other.context.Context, main.collections.FastArrayList, boolean)" because the return value of "search.mcts.MCTS.learnedSelectionPolicy()" is null
	at search.mcts.nodes.DeterministicNode.learnedSelectionPolicy(DeterministicNode.java:250)
	at search.mcts.selection.NoisyAG0Selection.select(NoisyAG0Selection.java:59)
	at search.mcts.MCTS.lambda$selectAction$0(MCTS.java:601)
	at java.base/java.util.concurrent.Executors$RunnableAdapter.call(Executors.java:539)
	at java.base/java.util.concurrent.FutureTask.run(FutureTask.java:264)
	at java.base/java.util.concurrent.ThreadPoolExecutor.runWorker(ThreadPoolExecutor.java:1136)
	at java.base/java.util.concurrent.ThreadPoolExecutor$Worker.run(ThreadPoolExecutor.java:635)
	at java.base/java.lang.Thread.run(Thread.java:833)
MCTS error in game: Solitario
java.lang.NullPointerException: Cannot invoke "policies.Policy.computeDistribution(other.context.Context, main.collections.FastArrayList, boolean)" because the return value of "search.mcts.MCTS.learnedSelectionPolicy()" is null
	at search.mcts.nodes.DeterministicNode.learnedSelectionPolicy(DeterministicNode.java:250)
	at search.mcts.selection.NoisyAG0Selection.select(NoisyAG0Selection.java:59)
	at search.mcts.MCTS.lambda$selectAction$0(MCTS.java:601)
	at java.base/java.util.concurrent.Executors$RunnableAdapter.call(Executors.java:539)
	at java.base/java.util.concurrent.FutureTask.run(FutureTask.java:264)
	at java.base/java.util.concurrent.ThreadPoolExecutor.runWorker(ThreadPoolExecutor.java:1136)
	at java.base/java.util.concurrent.ThreadPoolExecutor$Worker.run(ThreadPoolExecutor.java:635)
	at java.base/java.lang.Thread.run(Thread.java:833)
MCTS error in game: Solitario
java.lang.NullPointerException: Cannot invoke "policies.Policy.computeDistribution(other.context.Context, main.collections.FastArrayList, boolean)" because the return value of "search.mcts.MCTS.learnedSelectionPolicy()" is null
	at search.mcts.nodes.DeterministicNode.learnedSelectionPolicy(DeterministicNode.java:250)
	at search.mcts.selection.NoisyAG0Selection.select(NoisyAG0Selection.java:59)
	at search.mcts.MCTS.lambda$selectAction$0(MCTS.java:601)
	at java.base/java.util.concurrent.Executors$RunnableAdapter.call(Executors.java:539)
	at java.base/java.util.concurrent.FutureTask.run(FutureTask.java:264)
	at java.base/java.util.concurrent.ThreadPoolExecutor.runWorker(ThreadPoolExecutor.java:1136)
	at java.base/java.util.concurrent.ThreadPoolExecutor$Worker.run(ThreadPoolExecutor.java:635)
	at java.base/java.lang.Thread.run(Thread.java:833)
MCTS error in game: Solitario
java.lang.NullPointerException: Cannot invoke "policies.Policy.computeDistribution(other.context.Context, main.collections.FastArrayList, boolean)" because the return value of "search.mcts.MCTS.learnedSelectionPolicy()" is null
	at search.mcts.nodes.DeterministicNode.learnedSelectionPolicy(DeterministicNode.java:250)
	at search.mcts.selection.NoisyAG0Selection.select(NoisyAG0Selection.java:59)
	at search.mcts.MCTS.lambda$selectAction$0(MCTS.java:601)
	at java.base/java.util.concurrent.Executors$RunnableAdapter.call(Executors.java:539)
	at java.base/java.util.concurrent.FutureTask.run(FutureTask.java:264)
	at java.base/java.util.concurrent.ThreadPoolExecutor.runWorker(ThreadPoolExecutor.java:1136)
	at java.base/java.util.concurrent.ThreadPoolExecutor$Worker.run(ThreadPoolExecutor.java:635)
	at java.base/java.lang.Thread.run(Thread.java:833)
MCTS error in game: Solitario
java.lang.NullPointerException: Cannot invoke "policies.Policy.computeDistribution(other.context.Context, main.collections.FastArrayList, boolean)" because the return value of "search.mcts.MCTS.learnedSelectionPolicy()" is null
	at search.mcts.nodes.DeterministicNode.learnedSelectionPolicy(DeterministicNode.java:250)
	at search.mcts.selection.NoisyAG0Selection.select(NoisyAG0Selection.java:59)
	at search.mcts.MCTS.lambda$selectAction$0(MCTS.java:601)
	at java.base/java.util.concurrent.Executors$RunnableAdapter.call(Executors.java:539)
	at java.base/java.util.concurrent.FutureTask.run(FutureTask.java:264)
	at java.base/java.util.concurrent.ThreadPoolExecutor.runWorker(ThreadPoolExecutor.java:1136)
	at java.base/java.util.concurrent.ThreadPoolExecutor$Worker.run(ThreadPoolExecutor.java:635)
	at java.base/java.lang.Thread.run(Thread.java:833)
MCTS error in game: Solitario
java.lang.NullPointerException: Cannot invoke "policies.Policy.computeDistribution(other.context.Context, main.collections.FastArrayList, boolean)" because the return value of "search.mcts.MCTS.learnedSelectionPolicy()" is null
	at search.mcts.nodes.DeterministicNode.learnedSelectionPolicy(DeterministicNode.java:250)
	at search.mcts.selection.NoisyAG0Selection.select(NoisyAG0Selection.java:59)
	at search.mcts.MCTS.lambda$selectAction$0(MCTS.java:601)
	at java.base/java.util.concurrent.Executors$RunnableAdapter.call(Executors.java:539)
	at java.base/java.util.concurrent.FutureTask.run(FutureTask.java:264)
	at java.base/java.util.concurrent.ThreadPoolExecutor.runWorker(ThreadPoolExecutor.java:1136)
	at java.base/java.util.concurrent.ThreadPoolExecutor$Worker.run(ThreadPoolExecutor.java:635)
	at java.base/java.lang.Thread.run(Thread.java:833)
MCTS error in game: Solitario
java.lang.NullPointerException: Cannot invoke "policies.Policy.computeDistribution(other.context.Context, main.collections.FastArrayList, boolean)" because the return value of "search.mcts.MCTS.learnedSelectionPolicy()" is null
	at search.mcts.nodes.DeterministicNode.learnedSelectionPolicy(DeterministicNode.java:250)
	at search.mcts.selection.NoisyAG0Selection.select(NoisyAG0Selection.java:59)
	at search.mcts.MCTS.lambda$selectAction$0(MCTS.java:601)
	at java.base/java.util.concurrent.Executors$RunnableAdapter.call(Executors.java:539)
	at java.base/java.util.concurrent.FutureTask.run(FutureTask.java:264)
	at java.base/java.util.concurrent.ThreadPoolExecutor.runWorker(ThreadPoolExecutor.java:1136)
	at java.base/java.util.concurrent.ThreadPoolExecutor$Worker.run(ThreadPoolExecutor.java:635)
	at java.base/java.lang.Thread.run(Thread.java:833)
MCTS error in game: Solitario
java.lang.NullPointerException: Cannot invoke "policies.Policy.computeDistribution(other.context.Context, main.collections.FastArrayList, boolean)" because the return value of "search.mcts.MCTS.learnedSelectionPolicy()" is null
	at search.mcts.nodes.DeterministicNode.learnedSelectionPolicy(DeterministicNode.java:250)
	at search.mcts.selection.NoisyAG0Selection.select(NoisyAG0Selection.java:59)
	at search.mcts.MCTS.lambda$selectAction$0(MCTS.java:601)
	at java.base/java.util.concurrent.Executors$RunnableAdapter.call(Executors.java:539)
	at java.base/java.util.concurrent.FutureTask.run(FutureTask.java:264)
	at java.base/java.util.concurrent.ThreadPoolExecutor.runWorker(ThreadPoolExecutor.java:1136)
	at java.base/java.util.concurrent.ThreadPoolExecutor$Worker.run(ThreadPoolExecutor.java:635)
	at java.base/java.lang.Thread.run(Thread.java:833)
MCTS error in game: Solitario
java.lang.NullPointerException: Cannot invoke "policies.Policy.computeDistribution(other.context.Context, main.collections.FastArrayList, boolean)" because the return value of "search.mcts.MCTS.learnedSelectionPolicy()" is null
	at search.mcts.nodes.DeterministicNode.learnedSelectionPolicy(DeterministicNode.java:250)
	at search.mcts.selection.NoisyAG0Selection.select(NoisyAG0Selection.java:59)
	at search.mcts.MCTS.lambda$selectAction$0(MCTS.java:601)
	at java.base/java.util.concurrent.Executors$RunnableAdapter.call(Executors.java:539)
	at java.base/java.util.concurrent.FutureTask.run(FutureTask.java:264)
	at java.base/java.util.concurrent.ThreadPoolExecutor.runWorker(ThreadPoolExecutor.java:1136)
	at java.base/java.util.concurrent.ThreadPoolExecutor$Worker.run(ThreadPoolExecutor.java:635)
	at java.base/java.lang.Thread.run(Thread.java:833)
MCTS error in game: Solitario
java.lang.NullPointerException: Cannot invoke "policies.Policy.computeDistribution(other.context.Context, main.collections.FastArrayList, boolean)" because the return value of "search.mcts.MCTS.learnedSelectionPolicy()" is null
	at search.mcts.nodes.DeterministicNode.learnedSelectionPolicy(DeterministicNode.java:250)
	at search.mcts.selection.NoisyAG0Selection.select(NoisyAG0Selection.java:59)
	at search.mcts.MCTS.lambda$selectAction$0(MCTS.java:601)
	at java.base/java.util.concurrent.Executors$RunnableAdapter.call(Executors.java:539)
	at java.base/java.util.concurrent.FutureTask.run(FutureTask.java:264)
	at java.base/java.util.concurrent.ThreadPoolExecutor.runWorker(ThreadPoolExecutor.java:1136)
	at java.base/java.util.concurrent.ThreadPoolExecutor$Worker.run(ThreadPoolExecutor.java:635)
	at java.base/java.lang.Thread.run(Thread.java:833)
MCTS error in game: Solitario
java.lang.NullPointerException: Cannot invoke "policies.Policy.computeDistribution(other.context.Context, main.collections.FastArrayList, boolean)" because the return value of "search.mcts.MCTS.learnedSelectionPolicy()" is null
	at search.mcts.nodes.DeterministicNode.learnedSelectionPolicy(DeterministicNode.java:250)
	at search.mcts.selection.NoisyAG0Selection.select(NoisyAG0Selection.java:59)
	at search.mcts.MCTS.lambda$selectAction$0(MCTS.java:601)
	at java.base/java.util.concurrent.Executors$RunnableAdapter.call(Executors.java:539)
	at java.base/java.util.concurrent.FutureTask.run(FutureTask.java:264)
	at java.base/java.util.concurrent.ThreadPoolExecutor.runWorker(ThreadPoolExecutor.java:1136)
	at java.base/java.util.concurrent.ThreadPoolExecutor$Worker.run(ThreadPoolExecutor.java:635)
	at java.base/java.lang.Thread.run(Thread.java:833)
MCTS error in game: Solitario
java.lang.NullPointerException: Cannot invoke "policies.Policy.computeDistribution(other.context.Context, main.collections.FastArrayList, boolean)" because the return value of "search.mcts.MCTS.learnedSelectionPolicy()" is null
	at search.mcts.nodes.DeterministicNode.learnedSelectionPolicy(DeterministicNode.java:250)
	at search.mcts.selection.NoisyAG0Selection.select(NoisyAG0Selection.java:59)
	at search.mcts.MCTS.lambda$selectAction$0(MCTS.java:601)
	at java.base/java.util.concurrent.Executors$RunnableAdapter.call(Executors.java:539)
	at java.base/java.util.concurrent.FutureTask.run(FutureTask.java:264)
	at java.base/java.util.concurrent.ThreadPoolExecutor.runWorker(ThreadPoolExecutor.java:1136)
	at java.base/java.util.concurrent.ThreadPoolExecutor$Worker.run(ThreadPoolExecutor.java:635)
	at java.base/java.lang.Thread.run(Thread.java:833)
MCTS error in game: Solitario
java.lang.NullPointerException: Cannot invoke "policies.Policy.computeDistribution(other.context.Context, main.collections.FastArrayList, boolean)" because the return value of "search.mcts.MCTS.learnedSelectionPolicy()" is null
	at search.mcts.nodes.DeterministicNode.learnedSelectionPolicy(DeterministicNode.java:250)
	at search.mcts.selection.NoisyAG0Selection.select(NoisyAG0Selection.java:59)
	at search.mcts.MCTS.lambda$selectAction$0(MCTS.java:601)
	at java.base/java.util.concurrent.Executors$RunnableAdapter.call(Executors.java:539)
	at java.base/java.util.concurrent.FutureTask.run(FutureTask.java:264)
	at java.base/java.util.concurrent.ThreadPoolExecutor.runWorker(ThreadPoolExecutor.java:1136)
	at java.base/java.util.concurrent.ThreadPoolExecutor$Worker.run(ThreadPoolExecutor.java:635)
	at java.base/java.lang.Thread.run(Thread.java:833)
MCTS error in game: Solitario
java.lang.NullPointerException: Cannot invoke "policies.Policy.computeDistribution(other.context.Context, main.collections.FastArrayList, boolean)" because the return value of "search.mcts.MCTS.learnedSelectionPolicy()" is null
	at search.mcts.nodes.DeterministicNode.learnedSelectionPolicy(DeterministicNode.java:250)
	at search.mcts.selection.NoisyAG0Selection.select(NoisyAG0Selection.java:59)
	at search.mcts.MCTS.lambda$selectAction$0(MCTS.java:601)
	at java.base/java.util.concurrent.Executors$RunnableAdapter.call(Executors.java:539)
	at java.base/java.util.concurrent.FutureTask.run(FutureTask.java:264)
	at java.base/java.util.concurrent.ThreadPoolExecutor.runWorker(ThreadPoolExecutor.java:1136)
	at java.base/java.util.concurrent.ThreadPoolExecutor$Worker.run(ThreadPoolExecutor.java:635)
	at java.base/java.lang.Thread.run(Thread.java:833)
MCTS error in game: Solitario
java.lang.NullPointerException: Cannot invoke "policies.Policy.computeDistribution(other.context.Context, main.collections.FastArrayList, boolean)" because the return value of "search.mcts.MCTS.learnedSelectionPolicy()" is null
	at search.mcts.nodes.DeterministicNode.learnedSelectionPolicy(DeterministicNode.java:250)
	at search.mcts.selection.NoisyAG0Selection.select(NoisyAG0Selection.java:59)
	at search.mcts.MCTS.lambda$selectAction$0(MCTS.java:601)
	at java.base/java.util.concurrent.Executors$RunnableAdapter.call(Executors.java:539)
	at java.base/java.util.concurrent.FutureTask.run(FutureTask.java:264)
	at java.base/java.util.concurrent.ThreadPoolExecutor.runWorker(ThreadPoolExecutor.java:1136)
	at java.base/java.util.concurrent.ThreadPoolExecutor$Worker.run(ThreadPoolExecutor.java:635)
	at java.base/java.lang.Thread.run(Thread.java:833)
MCTS error in game: Solitario
java.lang.NullPointerException: Cannot invoke "policies.Policy.computeDistribution(other.context.Context, main.collections.FastArrayList, boolean)" because the return value of "search.mcts.MCTS.learnedSelectionPolicy()" is null
	at search.mcts.nodes.DeterministicNode.learnedSelectionPolicy(DeterministicNode.java:250)
	at search.mcts.selection.NoisyAG0Selection.select(NoisyAG0Selection.java:59)
	at search.mcts.MCTS.lambda$selectAction$0(MCTS.java:601)
	at java.base/java.util.concurrent.Executors$RunnableAdapter.call(Executors.java:539)
	at java.base/java.util.concurrent.FutureTask.run(FutureTask.java:264)
	at java.base/java.util.concurrent.ThreadPoolExecutor.runWorker(ThreadPoolExecutor.java:1136)
	at java.base/java.util.concurrent.ThreadPoolExecutor$Worker.run(ThreadPoolExecutor.java:635)
	at java.base/java.lang.Thread.run(Thread.java:833)
MCTS error in game: Solitario
java.lang.NullPointerException: Cannot invoke "policies.Policy.computeDistribution(other.context.Context, main.collections.FastArrayList, boolean)" because the return value of "search.mcts.MCTS.learnedSelectionPolicy()" is null
	at search.mcts.nodes.DeterministicNode.learnedSelectionPolicy(DeterministicNode.java:250)
	at search.mcts.selection.NoisyAG0Selection.select(NoisyAG0Selection.java:59)
	at search.mcts.MCTS.lambda$selectAction$0(MCTS.java:601)
	at java.base/java.util.concurrent.Executors$RunnableAdapter.call(Executors.java:539)
	at java.base/java.util.concurrent.FutureTask.run(FutureTask.java:264)
	at java.base/java.util.concurrent.ThreadPoolExecutor.runWorker(ThreadPoolExecutor.java:1136)
	at java.base/java.util.concurrent.ThreadPoolExecutor$Worker.run(ThreadPoolExecutor.java:635)
	at java.base/java.lang.Thread.run(Thread.java:833)
MCTS error in game: Solitario
java.lang.NullPointerException: Cannot invoke "policies.Policy.computeDistribution(other.context.Context, main.collections.FastArrayList, boolean)" because the return value of "search.mcts.MCTS.learnedSelectionPolicy()" is null
	at search.mcts.nodes.DeterministicNode.learnedSelectionPolicy(DeterministicNode.java:250)
	at search.mcts.selection.NoisyAG0Selection.select(NoisyAG0Selection.java:59)
	at search.mcts.MCTS.lambda$selectAction$0(MCTS.java:601)
	at java.base/java.util.concurrent.Executors$RunnableAdapter.call(Executors.java:539)
	at java.base/java.util.concurrent.FutureTask.run(FutureTask.java:264)
	at java.base/java.util.concurrent.ThreadPoolExecutor.runWorker(ThreadPoolExecutor.java:1136)
	at java.base/java.util.concurrent.ThreadPoolExecutor$Worker.run(ThreadPoolExecutor.java:635)
	at java.base/java.lang.Thread.run(Thread.java:833)
MCTS error in game: Solitario
java.lang.NullPointerException: Cannot invoke "policies.Policy.computeDistribution(other.context.Context, main.collections.FastArrayList, boolean)" because the return value of "search.mcts.MCTS.learnedSelectionPolicy()" is null
	at search.mcts.nodes.DeterministicNode.learnedSelectionPolicy(DeterministicNode.java:250)
	at search.mcts.selection.NoisyAG0Selection.select(NoisyAG0Selection.java:59)
	at search.mcts.MCTS.lambda$selectAction$0(MCTS.java:601)
	at java.base/java.util.concurrent.Executors$RunnableAdapter.call(Executors.java:539)
	at java.base/java.util.concurrent.FutureTask.run(FutureTask.java:264)
	at java.base/java.util.concurrent.ThreadPoolExecutor.runWorker(ThreadPoolExecutor.java:1136)
	at java.base/java.util.concurrent.ThreadPoolExecutor$Worker.run(ThreadPoolExecutor.java:635)
	at java.base/java.lang.Thread.run(Thread.java:833)
MCTS error in game: Solitario
java.lang.NullPointerException: Cannot invoke "policies.Policy.computeDistribution(other.context.Context, main.collections.FastArrayList, boolean)" because the return value of "search.mcts.MCTS.learnedSelectionPolicy()" is null
	at search.mcts.nodes.DeterministicNode.learnedSelectionPolicy(DeterministicNode.java:250)
	at search.mcts.selection.NoisyAG0Selection.select(NoisyAG0Selection.java:59)
	at search.mcts.MCTS.lambda$selectAction$0(MCTS.java:601)
	at java.base/java.util.concurrent.Executors$RunnableAdapter.call(Executors.java:539)
	at java.base/java.util.concurrent.FutureTask.run(FutureTask.java:264)
	at java.base/java.util.concurrent.ThreadPoolExecutor.runWorker(ThreadPoolExecutor.java:1136)
	at java.base/java.util.concurrent.ThreadPoolExecutor$Worker.run(ThreadPoolExecutor.java:635)
	at java.base/java.lang.Thread.run(Thread.java:833)
MCTS error in game: Solitario
java.lang.NullPointerException: Cannot invoke "policies.Policy.computeDistribution(other.context.Context, main.collections.FastArrayList, boolean)" because the return value of "search.mcts.MCTS.learnedSelectionPolicy()" is null
	at search.mcts.nodes.DeterministicNode.learnedSelectionPolicy(DeterministicNode.java:250)
	at search.mcts.selection.NoisyAG0Selection.select(NoisyAG0Selection.java:59)
	at search.mcts.MCTS.lambda$selectAction$0(MCTS.java:601)
	at java.base/java.util.concurrent.Executors$RunnableAdapter.call(Executors.java:539)
	at java.base/java.util.concurrent.FutureTask.run(FutureTask.java:264)
	at java.base/java.util.concurrent.ThreadPoolExecutor.runWorker(ThreadPoolExecutor.java:1136)
	at java.base/java.util.concurrent.ThreadPoolExecutor$Worker.run(ThreadPoolExecutor.java:635)
	at java.base/java.lang.Thread.run(Thread.java:833)
MCTS error in game: Solitario
java.lang.NullPointerException: Cannot invoke "policies.Policy.computeDistribution(other.context.Context, main.collections.FastArrayList, boolean)" because the return value of "search.mcts.MCTS.learnedSelectionPolicy()" is null
	at search.mcts.nodes.DeterministicNode.learnedSelectionPolicy(DeterministicNode.java:250)
	at search.mcts.selection.NoisyAG0Selection.select(NoisyAG0Selection.java:59)
	at search.mcts.MCTS.lambda$selectAction$0(MCTS.java:601)
	at java.base/java.util.concurrent.Executors$RunnableAdapter.call(Executors.java:539)
	at java.base/java.util.concurrent.FutureTask.run(FutureTask.java:264)
	at java.base/java.util.concurrent.ThreadPoolExecutor.runWorker(ThreadPoolExecutor.java:1136)
	at java.base/java.util.concurrent.ThreadPoolExecutor$Worker.run(ThreadPoolExecutor.java:635)
	at java.base/java.lang.Thread.run(Thread.java:833)
MCTS error in game: Solitario
java.lang.NullPointerException: Cannot invoke "policies.Policy.computeDistribution(other.context.Context, main.collections.FastArrayList, boolean)" because the return value of "search.mcts.MCTS.learnedSelectionPolicy()" is null
	at search.mcts.nodes.DeterministicNode.learnedSelectionPolicy(DeterministicNode.java:250)
	at search.mcts.selection.NoisyAG0Selection.select(NoisyAG0Selection.java:59)
	at search.mcts.MCTS.lambda$selectAction$0(MCTS.java:601)
	at java.base/java.util.concurrent.Executors$RunnableAdapter.call(Executors.java:539)
	at java.base/java.util.concurrent.FutureTask.run(FutureTask.java:264)
	at java.base/java.util.concurrent.ThreadPoolExecutor.runWorker(ThreadPoolExecutor.java:1136)
	at java.base/java.util.concurrent.ThreadPoolExecutor$Worker.run(ThreadPoolExecutor.java:635)
	at java.base/java.lang.Thread.run(Thread.java:833)
MCTS error in game: Solitario
java.lang.NullPointerException: Cannot invoke "policies.Policy.computeDistribution(other.context.Context, main.collections.FastArrayList, boolean)" because the return value of "search.mcts.MCTS.learnedSelectionPolicy()" is null
	at search.mcts.nodes.DeterministicNode.learnedSelectionPolicy(DeterministicNode.java:250)
	at search.mcts.selection.NoisyAG0Selection.select(NoisyAG0Selection.java:59)
	at search.mcts.MCTS.lambda$selectAction$0(MCTS.java:601)
	at java.base/java.util.concurrent.Executors$RunnableAdapter.call(Executors.java:539)
	at java.base/java.util.concurrent.FutureTask.run(FutureTask.java:264)
	at java.base/java.util.concurrent.ThreadPoolExecutor.runWorker(ThreadPoolExecutor.java:1136)
	at java.base/java.util.concurrent.ThreadPoolExecutor$Worker.run(ThreadPoolExecutor.java:635)
	at java.base/java.lang.Thread.run(Thread.java:833)
MCTS error in game: Solitario
java.lang.NullPointerException: Cannot invoke "policies.Policy.computeDistribution(other.context.Context, main.collections.FastArrayList, boolean)" because the return value of "search.mcts.MCTS.learnedSelectionPolicy()" is null
	at search.mcts.nodes.DeterministicNode.learnedSelectionPolicy(DeterministicNode.java:250)
	at search.mcts.selection.NoisyAG0Selection.select(NoisyAG0Selection.java:59)
	at search.mcts.MCTS.lambda$selectAction$0(MCTS.java:601)
	at java.base/java.util.concurrent.Executors$RunnableAdapter.call(Executors.java:539)
	at java.base/java.util.concurrent.FutureTask.run(FutureTask.java:264)
	at java.base/java.util.concurrent.ThreadPoolExecutor.runWorker(ThreadPoolExecutor.java:1136)
	at java.base/java.util.concurrent.ThreadPoolExecutor$Worker.run(ThreadPoolExecutor.java:635)
	at java.base/java.lang.Thread.run(Thread.java:833)
